<?xml version="1.0" encoding="UTF-8"?>
<!-- Generated by org.testng.reporters.JUnitReportReporter -->
<testsuite hostname="Nagas-MBP-2" failures="0" tests="1" name="testCases.loginTestCase" time="12.653" errors="0" timestamp="2022-09-09T00:43:15 EDT" skipped="0">
  <testcase classname="testCases.loginTestCase" name="userLoginsInSuccessfully" time="12.653"/>
  <system-out/>
</testsuite> <!-- testCases.loginTestCase -->
